----------------------------------------------------------------
Thu Mar 18 16:43:40 IST 2021:
Booting Derby version The Apache Software Foundation - Apache Derby - 10.14.2.0 - (1828579): instance a816c00e-0178-450a-7eea-00000f6b7f18 
on database directory memory:D:\javaFiles\course-api\22246351-feed-4c26-b8c4-1feb51eb582f with class loader sun.misc.Launcher$AppClassLoader@764c12b6 
Loaded from file:/C:/Users/santhosh_shivalingas/.m2/repository/org/apache/derby/derby/10.14.2.0/derby-10.14.2.0.jar
java.vendor=Oracle Corporation
java.runtime.version=1.8.0_242-b08
user.dir=D:\javaFiles\course-api
os.name=Windows 10
os.arch=amd64
os.version=10.0
derby.system.home=null
Database Class Loader started - derby.database.classpath=''
----------------------------------------------------------------
Thu Mar 18 16:53:10 IST 2021:
Shutting down instance a816c00e-0178-450a-7eea-00000f6b7f18 on database directory memory:D:\javaFiles\course-api\22246351-feed-4c26-b8c4-1feb51eb582f with class loader sun.misc.Launcher$AppClassLoader@764c12b6 
----------------------------------------------------------------
Thu Mar 18 16:53:14 IST 2021:
Booting Derby version The Apache Software Foundation - Apache Derby - 10.14.2.0 - (1828579): instance ac3880cc-0178-450a-7eea-00000f6b7f18 
on database directory memory:D:\javaFiles\course-api\bccdf8b3-bc84-4ac3-afe1-adcb902c5396 with class loader sun.misc.Launcher$AppClassLoader@764c12b6 
Loaded from file:/C:/Users/santhosh_shivalingas/.m2/repository/org/apache/derby/derby/10.14.2.0/derby-10.14.2.0.jar
java.vendor=Oracle Corporation
java.runtime.version=1.8.0_242-b08
user.dir=D:\javaFiles\course-api
os.name=Windows 10
os.arch=amd64
os.version=10.0
derby.system.home=null
Database Class Loader started - derby.database.classpath=''
----------------------------------------------------------------
Thu Mar 18 16:56:44 IST 2021:
Shutting down instance ac3880cc-0178-450a-7eea-00000f6b7f18 on database directory memory:D:\javaFiles\course-api\bccdf8b3-bc84-4ac3-afe1-adcb902c5396 with class loader sun.misc.Launcher$AppClassLoader@764c12b6 
----------------------------------------------------------------
Thu Mar 18 16:56:50 IST 2021:
Booting Derby version The Apache Software Foundation - Apache Derby - 10.14.2.0 - (1828579): instance 939b418a-0178-450a-7eea-00000f6b7f18 
on database directory memory:D:\javaFiles\course-api\571436d6-68fe-4db3-b62e-242315e1054b with class loader sun.misc.Launcher$AppClassLoader@764c12b6 
Loaded from file:/C:/Users/santhosh_shivalingas/.m2/repository/org/apache/derby/derby/10.14.2.0/derby-10.14.2.0.jar
java.vendor=Oracle Corporation
java.runtime.version=1.8.0_242-b08
user.dir=D:\javaFiles\course-api
os.name=Windows 10
os.arch=amd64
os.version=10.0
derby.system.home=null
Database Class Loader started - derby.database.classpath=''
----------------------------------------------------------------
Thu Mar 18 16:57:47 IST 2021:
Shutting down instance 939b418a-0178-450a-7eea-00000f6b7f18 on database directory memory:D:\javaFiles\course-api\571436d6-68fe-4db3-b62e-242315e1054b with class loader sun.misc.Launcher$AppClassLoader@764c12b6 
----------------------------------------------------------------
Thu Mar 18 16:57:48 IST 2021:
Booting Derby version The Apache Software Foundation - Apache Derby - 10.14.2.0 - (1828579): instance de3f0248-0178-450a-7eea-00000f6b7f18 
on database directory memory:D:\javaFiles\course-api\41566d2b-1973-4e75-9120-6f6a8e890683 with class loader sun.misc.Launcher$AppClassLoader@764c12b6 
Loaded from file:/C:/Users/santhosh_shivalingas/.m2/repository/org/apache/derby/derby/10.14.2.0/derby-10.14.2.0.jar
java.vendor=Oracle Corporation
java.runtime.version=1.8.0_242-b08
user.dir=D:\javaFiles\course-api
os.name=Windows 10
os.arch=amd64
os.version=10.0
derby.system.home=null
Database Class Loader started - derby.database.classpath=''
----------------------------------------------------------------
Thu Mar 18 16:59:17 IST 2021:
Shutting down instance de3f0248-0178-450a-7eea-00000f6b7f18 on database directory memory:D:\javaFiles\course-api\41566d2b-1973-4e75-9120-6f6a8e890683 with class loader sun.misc.Launcher$AppClassLoader@764c12b6 
----------------------------------------------------------------
Thu Mar 18 16:59:18 IST 2021:
Booting Derby version The Apache Software Foundation - Apache Derby - 10.14.2.0 - (1828579): instance 0c23c306-0178-450a-7eea-00000f6b7f18 
on database directory memory:D:\javaFiles\course-api\145d0221-fe6e-4964-bf5b-ca33784e3598 with class loader sun.misc.Launcher$AppClassLoader@764c12b6 
Loaded from file:/C:/Users/santhosh_shivalingas/.m2/repository/org/apache/derby/derby/10.14.2.0/derby-10.14.2.0.jar
java.vendor=Oracle Corporation
java.runtime.version=1.8.0_242-b08
user.dir=D:\javaFiles\course-api
os.name=Windows 10
os.arch=amd64
os.version=10.0
derby.system.home=null
Database Class Loader started - derby.database.classpath=''
----------------------------------------------------------------
Thu Mar 18 16:59:33 IST 2021:
Shutting down instance 0c23c306-0178-450a-7eea-00000f6b7f18 on database directory memory:D:\javaFiles\course-api\145d0221-fe6e-4964-bf5b-ca33784e3598 with class loader sun.misc.Launcher$AppClassLoader@764c12b6 
----------------------------------------------------------------
Thu Mar 18 16:59:34 IST 2021:
Booting Derby version The Apache Software Foundation - Apache Derby - 10.14.2.0 - (1828579): instance 9d4983c4-0178-450a-7eea-00000f6b7f18 
on database directory memory:D:\javaFiles\course-api\f6346235-e58d-46ef-bef9-8531f085674a with class loader sun.misc.Launcher$AppClassLoader@764c12b6 
Loaded from file:/C:/Users/santhosh_shivalingas/.m2/repository/org/apache/derby/derby/10.14.2.0/derby-10.14.2.0.jar
java.vendor=Oracle Corporation
java.runtime.version=1.8.0_242-b08
user.dir=D:\javaFiles\course-api
os.name=Windows 10
os.arch=amd64
os.version=10.0
derby.system.home=null
Database Class Loader started - derby.database.classpath=''
----------------------------------------------------------------
Thu Mar 18 17:01:00 IST 2021:
Shutting down instance 9d4983c4-0178-450a-7eea-00000f6b7f18 on database directory memory:D:\javaFiles\course-api\f6346235-e58d-46ef-bef9-8531f085674a with class loader sun.misc.Launcher$AppClassLoader@764c12b6 
----------------------------------------------------------------
Thu Mar 18 17:01:02 IST 2021:
Booting Derby version The Apache Software Foundation - Apache Derby - 10.14.2.0 - (1828579): instance 11b04482-0178-450a-7eea-00000f6b7f18 
on database directory memory:D:\javaFiles\course-api\3a753f7f-fddb-4cf8-8d42-4ba4ccf24b6b with class loader sun.misc.Launcher$AppClassLoader@764c12b6 
Loaded from file:/C:/Users/santhosh_shivalingas/.m2/repository/org/apache/derby/derby/10.14.2.0/derby-10.14.2.0.jar
java.vendor=Oracle Corporation
java.runtime.version=1.8.0_242-b08
user.dir=D:\javaFiles\course-api
os.name=Windows 10
os.arch=amd64
os.version=10.0
derby.system.home=null
Database Class Loader started - derby.database.classpath=''
----------------------------------------------------------------
Thu Mar 18 21:59:22 IST 2021:
Shutting down instance 11b04482-0178-450a-7eea-00000f6b7f18 on database directory memory:D:\javaFiles\course-api\3a753f7f-fddb-4cf8-8d42-4ba4ccf24b6b with class loader sun.misc.Launcher$AppClassLoader@764c12b6 
